<?xml version="1.0" encoding="UTF-8"?>
<!-- Generated by org.testng.reporters.JUnitReportReporter -->
<testsuite hostname="XE-T-NITINGO" name="demo.SeGridTest" tests="1" failures="0" timestamp="23 Sep 2016 15:17:44 GMT" time="16.488" errors="0">
  <testcase name="testBmiCalculator" time="16.488" classname="demo.SeGridTest"/>
</testsuite> <!-- demo.SeGridTest -->
